INFO:     Will watch for changes in these directories: ['/workspaces/MONITOR']
INFO:     Uvicorn running on http://0.0.0.0:8000 (Press CTRL+C to quit)
INFO:     Started reloader process [15828] using WatchFiles
INFO:     Started server process [15890]
INFO:     Waiting for application startup.
INFO:     Application startup complete.
INFO:     127.0.0.1:56370 - "POST /step HTTP/1.1" 422 Unprocessable Entity
WARNING:  WatchFiles detected changes in 'core/engine/cache.py'. Reloading...
INFO:     Shutting down
INFO:     Waiting for application shutdown.
INFO:     Application shutdown complete.
INFO:     Finished server process [15890]
WARNING:  WatchFiles detected changes in 'core/engine/cache_redis.py'. Reloading...
INFO:     Started server process [25670]
INFO:     Waiting for application startup.
INFO:     Application startup complete.
INFO:     Started server process [25749]
INFO:     Waiting for application startup.
INFO:     Application startup complete.
WARNING:  WatchFiles detected changes in 'tests/integration/test_branches_api.py'. Reloading...
INFO:     Shutting down
INFO:     Waiting for application shutdown.
INFO:     Application shutdown complete.
INFO:     Finished server process [25749]
INFO:     Started server process [26344]
INFO:     Waiting for application startup.
INFO:     Application startup complete.
WARNING:  WatchFiles detected changes in 'tests/integration/test_branches_api.py'. Reloading...
INFO:     Shutting down
INFO:     Waiting for application shutdown.
INFO:     Application shutdown complete.
INFO:     Finished server process [26344]
INFO:     Started server process [26584]
INFO:     Waiting for application startup.
INFO:     Application startup complete.
WARNING:  WatchFiles detected changes in 'tests/integration/test_branches_api.py'. Reloading...
INFO:     Shutting down
INFO:     Waiting for application shutdown.
INFO:     Application shutdown complete.
INFO:     Finished server process [26584]
INFO:     Started server process [26639]
INFO:     Waiting for application startup.
INFO:     Application startup complete.
WARNING:  WatchFiles detected changes in 'tests/integration/test_branches_api.py'. Reloading...
INFO:     Shutting down
INFO:     Waiting for application shutdown.
INFO:     Application shutdown complete.
INFO:     Finished server process [26639]
INFO:     Started server process [26853]
INFO:     Waiting for application startup.
INFO:     Application startup complete.
WARNING:  WatchFiles detected changes in 'tests/integration/test_branches_api.py'. Reloading...
INFO:     Shutting down
INFO:     Waiting for application shutdown.
INFO:     Application shutdown complete.
INFO:     Finished server process [26853]
INFO:     Started server process [27830]
INFO:     Waiting for application startup.
INFO:     Application startup complete.
WARNING:  WatchFiles detected changes in 'core/utils/env.py'. Reloading...
INFO:     Shutting down
INFO:     Waiting for application shutdown.
INFO:     Application shutdown complete.
INFO:     Finished server process [27830]
INFO:     Started server process [29566]
INFO:     Waiting for application startup.
INFO:     Application startup complete.
WARNING:  WatchFiles detected changes in 'core/persistence/queries/systems.py'. Reloading...
INFO:     Shutting down
INFO:     Waiting for application shutdown.
INFO:     Application shutdown complete.
INFO:     Finished server process [29566]
Process SpawnProcess-10:
Traceback (most recent call last):
  File "/home/codespace/.python/current/lib/python3.12/multiprocessing/process.py", line 314, in _bootstrap
    self.run()
  File "/home/codespace/.python/current/lib/python3.12/multiprocessing/process.py", line 108, in run
    self._target(*self._args, **self._kwargs)
  File "/workspaces/MONITOR/.venv/lib/python3.12/site-packages/uvicorn/_subprocess.py", line 80, in subprocess_started
    target(sockets=sockets)
  File "/workspaces/MONITOR/.venv/lib/python3.12/site-packages/uvicorn/server.py", line 67, in run
    return asyncio.run(self.serve(sockets=sockets))
           ^^^^^^^^^^^^^^^^^^^^^^^^^^^^^^^^^^^^^^^^
  File "/home/codespace/.python/current/lib/python3.12/asyncio/runners.py", line 194, in run
    return runner.run(main)
           ^^^^^^^^^^^^^^^^
  File "/home/codespace/.python/current/lib/python3.12/asyncio/runners.py", line 118, in run
    return self._loop.run_until_complete(task)
           ^^^^^^^^^^^^^^^^^^^^^^^^^^^^^^^^^^^
  File "uvloop/loop.pyx", line 1518, in uvloop.loop.Loop.run_until_complete
  File "/workspaces/MONITOR/.venv/lib/python3.12/site-packages/uvicorn/server.py", line 71, in serve
    await self._serve(sockets)
  File "/workspaces/MONITOR/.venv/lib/python3.12/site-packages/uvicorn/server.py", line 78, in _serve
    config.load()
  File "/workspaces/MONITOR/.venv/lib/python3.12/site-packages/uvicorn/config.py", line 436, in load
    self.loaded_app = import_from_string(self.app)
                      ^^^^^^^^^^^^^^^^^^^^^^^^^^^^
  File "/workspaces/MONITOR/.venv/lib/python3.12/site-packages/uvicorn/importer.py", line 19, in import_from_string
    module = importlib.import_module(module_str)
             ^^^^^^^^^^^^^^^^^^^^^^^^^^^^^^^^^^^
  File "/home/codespace/.python/current/lib/python3.12/importlib/__init__.py", line 90, in import_module
    return _bootstrap._gcd_import(name[level:], package, level)
           ^^^^^^^^^^^^^^^^^^^^^^^^^^^^^^^^^^^^^^^^^^^^^^^^^^^^
  File "<frozen importlib._bootstrap>", line 1387, in _gcd_import
  File "<frozen importlib._bootstrap>", line 1360, in _find_and_load
  File "<frozen importlib._bootstrap>", line 1331, in _find_and_load_unlocked
  File "<frozen importlib._bootstrap>", line 935, in _load_unlocked
  File "<frozen importlib._bootstrap_external>", line 994, in exec_module
  File "<frozen importlib._bootstrap>", line 488, in _call_with_frames_removed
  File "/workspaces/MONITOR/core/interfaces/api_interface.py", line 13, in <module>
    from core.engine.orchestrator import (
  File "/workspaces/MONITOR/core/engine/orchestrator/__init__.py", line 11, in <module>
    from .orchestration_functions import monitor_reply, run_once
  File "/workspaces/MONITOR/core/engine/orchestrator/orchestration_functions.py", line 21, in <module>
    from .tool_builder import build_live_tools
  File "/workspaces/MONITOR/core/engine/orchestrator/tool_builder.py", line 9, in <module>
    from core.config import ToolContextBuilder
  File "/workspaces/MONITOR/core/config/__init__.py", line 8, in <module>
    from .tool_context_builder import ToolContextBuilder
  File "/workspaces/MONITOR/core/config/tool_context_builder.py", line 24, in <module>
    from core.persistence.queries import QueryService
  File "/workspaces/MONITOR/core/persistence/queries/__init__.py", line 4, in <module>
    from .service import QueryService
  File "/workspaces/MONITOR/core/persistence/queries/service.py", line 12, in <module>
    class QueryService(
TypeError: Cannot create a consistent method resolution
order (MRO) for bases BaseQueries, EntitiesQueries, ScenesQueries, FactsQueries, RelationsQueries, AxiomsQueries, SystemsQueries
WARNING:  WatchFiles detected changes in 'core/persistence/queries/entities.py'. Reloading...
Process SpawnProcess-11:
Traceback (most recent call last):
  File "/home/codespace/.python/current/lib/python3.12/multiprocessing/process.py", line 314, in _bootstrap
    self.run()
  File "/home/codespace/.python/current/lib/python3.12/multiprocessing/process.py", line 108, in run
    self._target(*self._args, **self._kwargs)
  File "/workspaces/MONITOR/.venv/lib/python3.12/site-packages/uvicorn/_subprocess.py", line 80, in subprocess_started
    target(sockets=sockets)
  File "/workspaces/MONITOR/.venv/lib/python3.12/site-packages/uvicorn/server.py", line 67, in run
    return asyncio.run(self.serve(sockets=sockets))
           ^^^^^^^^^^^^^^^^^^^^^^^^^^^^^^^^^^^^^^^^
  File "/home/codespace/.python/current/lib/python3.12/asyncio/runners.py", line 194, in run
    return runner.run(main)
           ^^^^^^^^^^^^^^^^
  File "/home/codespace/.python/current/lib/python3.12/asyncio/runners.py", line 118, in run
    return self._loop.run_until_complete(task)
           ^^^^^^^^^^^^^^^^^^^^^^^^^^^^^^^^^^^
  File "uvloop/loop.pyx", line 1518, in uvloop.loop.Loop.run_until_complete
  File "/workspaces/MONITOR/.venv/lib/python3.12/site-packages/uvicorn/server.py", line 71, in serve
    await self._serve(sockets)
  File "/workspaces/MONITOR/.venv/lib/python3.12/site-packages/uvicorn/server.py", line 78, in _serve
    config.load()
  File "/workspaces/MONITOR/.venv/lib/python3.12/site-packages/uvicorn/config.py", line 436, in load
    self.loaded_app = import_from_string(self.app)
                      ^^^^^^^^^^^^^^^^^^^^^^^^^^^^
  File "/workspaces/MONITOR/.venv/lib/python3.12/site-packages/uvicorn/importer.py", line 19, in import_from_string
    module = importlib.import_module(module_str)
             ^^^^^^^^^^^^^^^^^^^^^^^^^^^^^^^^^^^
  File "/home/codespace/.python/current/lib/python3.12/importlib/__init__.py", line 90, in import_module
    return _bootstrap._gcd_import(name[level:], package, level)
           ^^^^^^^^^^^^^^^^^^^^^^^^^^^^^^^^^^^^^^^^^^^^^^^^^^^^
  File "<frozen importlib._bootstrap>", line 1387, in _gcd_import
  File "<frozen importlib._bootstrap>", line 1360, in _find_and_load
  File "<frozen importlib._bootstrap>", line 1331, in _find_and_load_unlocked
  File "<frozen importlib._bootstrap>", line 935, in _load_unlocked
  File "<frozen importlib._bootstrap_external>", line 994, in exec_module
  File "<frozen importlib._bootstrap>", line 488, in _call_with_frames_removed
  File "/workspaces/MONITOR/core/interfaces/api_interface.py", line 13, in <module>
    from core.engine.orchestrator import (
  File "/workspaces/MONITOR/core/engine/orchestrator/__init__.py", line 11, in <module>
    from .orchestration_functions import monitor_reply, run_once
  File "/workspaces/MONITOR/core/engine/orchestrator/orchestration_functions.py", line 21, in <module>
    from .tool_builder import build_live_tools
  File "/workspaces/MONITOR/core/engine/orchestrator/tool_builder.py", line 9, in <module>
    from core.config import ToolContextBuilder
  File "/workspaces/MONITOR/core/config/__init__.py", line 8, in <module>
    from .tool_context_builder import ToolContextBuilder
  File "/workspaces/MONITOR/core/config/tool_context_builder.py", line 24, in <module>
    from core.persistence.queries import QueryService
  File "/workspaces/MONITOR/core/persistence/queries/__init__.py", line 4, in <module>
    from .service import QueryService
  File "/workspaces/MONITOR/core/persistence/queries/service.py", line 12, in <module>
    class QueryService(
TypeError: Cannot create a consistent method resolution
order (MRO) for bases BaseQueries, EntitiesQueries, ScenesQueries, FactsQueries, RelationsQueries, AxiomsQueries, SystemsQueries
WARNING:  WatchFiles detected changes in 'core/persistence/queries/facts.py'. Reloading...
WARNING:  WatchFiles detected changes in 'core/persistence/queries/relations.py'. Reloading...
Process SpawnProcess-13:
Traceback (most recent call last):
  File "/home/codespace/.python/current/lib/python3.12/multiprocessing/process.py", line 314, in _bootstrap
    self.run()
  File "/home/codespace/.python/current/lib/python3.12/multiprocessing/process.py", line 108, in run
    self._target(*self._args, **self._kwargs)
  File "/workspaces/MONITOR/.venv/lib/python3.12/site-packages/uvicorn/_subprocess.py", line 80, in subprocess_started
    target(sockets=sockets)
  File "/workspaces/MONITOR/.venv/lib/python3.12/site-packages/uvicorn/server.py", line 67, in run
    return asyncio.run(self.serve(sockets=sockets))
           ^^^^^^^^^^^^^^^^^^^^^^^^^^^^^^^^^^^^^^^^
  File "/home/codespace/.python/current/lib/python3.12/asyncio/runners.py", line 194, in run
    return runner.run(main)
           ^^^^^^^^^^^^^^^^
  File "/home/codespace/.python/current/lib/python3.12/asyncio/runners.py", line 118, in run
    return self._loop.run_until_complete(task)
           ^^^^^^^^^^^^^^^^^^^^^^^^^^^^^^^^^^^
  File "uvloop/loop.pyx", line 1518, in uvloop.loop.Loop.run_until_complete
  File "/workspaces/MONITOR/.venv/lib/python3.12/site-packages/uvicorn/server.py", line 71, in serve
    await self._serve(sockets)
  File "/workspaces/MONITOR/.venv/lib/python3.12/site-packages/uvicorn/server.py", line 78, in _serve
    config.load()
  File "/workspaces/MONITOR/.venv/lib/python3.12/site-packages/uvicorn/config.py", line 436, in load
    self.loaded_app = import_from_string(self.app)
                      ^^^^^^^^^^^^^^^^^^^^^^^^^^^^
  File "/workspaces/MONITOR/.venv/lib/python3.12/site-packages/uvicorn/importer.py", line 19, in import_from_string
    module = importlib.import_module(module_str)
             ^^^^^^^^^^^^^^^^^^^^^^^^^^^^^^^^^^^
  File "/home/codespace/.python/current/lib/python3.12/importlib/__init__.py", line 90, in import_module
    return _bootstrap._gcd_import(name[level:], package, level)
           ^^^^^^^^^^^^^^^^^^^^^^^^^^^^^^^^^^^^^^^^^^^^^^^^^^^^
  File "<frozen importlib._bootstrap>", line 1387, in _gcd_import
  File "<frozen importlib._bootstrap>", line 1360, in _find_and_load
  File "<frozen importlib._bootstrap>", line 1331, in _find_and_load_unlocked
  File "<frozen importlib._bootstrap>", line 935, in _load_unlocked
  File "<frozen importlib._bootstrap_external>", line 994, in exec_module
  File "<frozen importlib._bootstrap>", line 488, in _call_with_frames_removed
  File "/workspaces/MONITOR/core/interfaces/api_interface.py", line 13, in <module>
    from core.engine.orchestrator import (
  File "/workspaces/MONITOR/core/engine/orchestrator/__init__.py", line 11, in <module>
    from .orchestration_functions import monitor_reply, run_once
  File "/workspaces/MONITOR/core/engine/orchestrator/orchestration_functions.py", line 21, in <module>
    from .tool_builder import build_live_tools
  File "/workspaces/MONITOR/core/engine/orchestrator/tool_builder.py", line 9, in <module>
    from core.config import ToolContextBuilder
  File "/workspaces/MONITOR/core/config/__init__.py", line 8, in <module>
    from .tool_context_builder import ToolContextBuilder
  File "/workspaces/MONITOR/core/config/tool_context_builder.py", line 24, in <module>
    from core.persistence.queries import QueryService
  File "/workspaces/MONITOR/core/persistence/queries/__init__.py", line 4, in <module>
    from .service import QueryService
  File "/workspaces/MONITOR/core/persistence/queries/service.py", line 12, in <module>
    class QueryService(
TypeError: Cannot create a consistent method resolution
order (MRO) for bases BaseQueries, EntitiesQueries, ScenesQueries, FactsQueries, RelationsQueries, AxiomsQueries, SystemsQueries
WARNING:  WatchFiles detected changes in 'core/persistence/queries/scenes.py'. Reloading...
WARNING:  WatchFiles detected changes in 'core/persistence/queries/axioms.py'. Reloading...
Process SpawnProcess-14:
Traceback (most recent call last):
  File "/home/codespace/.python/current/lib/python3.12/multiprocessing/process.py", line 314, in _bootstrap
    self.run()
  File "/home/codespace/.python/current/lib/python3.12/multiprocessing/process.py", line 108, in run
    self._target(*self._args, **self._kwargs)
  File "/workspaces/MONITOR/.venv/lib/python3.12/site-packages/uvicorn/_subprocess.py", line 80, in subprocess_started
    target(sockets=sockets)
  File "/workspaces/MONITOR/.venv/lib/python3.12/site-packages/uvicorn/server.py", line 67, in run
    return asyncio.run(self.serve(sockets=sockets))
           ^^^^^^^^^^^^^^^^^^^^^^^^^^^^^^^^^^^^^^^^
  File "/home/codespace/.python/current/lib/python3.12/asyncio/runners.py", line 194, in run
    return runner.run(main)
           ^^^^^^^^^^^^^^^^
  File "/home/codespace/.python/current/lib/python3.12/asyncio/runners.py", line 118, in run
    return self._loop.run_until_complete(task)
           ^^^^^^^^^^^^^^^^^^^^^^^^^^^^^^^^^^^
  File "uvloop/loop.pyx", line 1518, in uvloop.loop.Loop.run_until_complete
  File "/workspaces/MONITOR/.venv/lib/python3.12/site-packages/uvicorn/server.py", line 71, in serve
    await self._serve(sockets)
  File "/workspaces/MONITOR/.venv/lib/python3.12/site-packages/uvicorn/server.py", line 78, in _serve
    config.load()
  File "/workspaces/MONITOR/.venv/lib/python3.12/site-packages/uvicorn/config.py", line 436, in load
    self.loaded_app = import_from_string(self.app)
                      ^^^^^^^^^^^^^^^^^^^^^^^^^^^^
  File "/workspaces/MONITOR/.venv/lib/python3.12/site-packages/uvicorn/importer.py", line 19, in import_from_string
    module = importlib.import_module(module_str)
             ^^^^^^^^^^^^^^^^^^^^^^^^^^^^^^^^^^^
  File "/home/codespace/.python/current/lib/python3.12/importlib/__init__.py", line 90, in import_module
    return _bootstrap._gcd_import(name[level:], package, level)
           ^^^^^^^^^^^^^^^^^^^^^^^^^^^^^^^^^^^^^^^^^^^^^^^^^^^^
  File "<frozen importlib._bootstrap>", line 1387, in _gcd_import
  File "<frozen importlib._bootstrap>", line 1360, in _find_and_load
  File "<frozen importlib._bootstrap>", line 1331, in _find_and_load_unlocked
  File "<frozen importlib._bootstrap>", line 935, in _load_unlocked
  File "<frozen importlib._bootstrap_external>", line 994, in exec_module
  File "<frozen importlib._bootstrap>", line 488, in _call_with_frames_removed
  File "/workspaces/MONITOR/core/interfaces/api_interface.py", line 13, in <module>
    from core.engine.orchestrator import (
  File "/workspaces/MONITOR/core/engine/orchestrator/__init__.py", line 11, in <module>
    from .orchestration_functions import monitor_reply, run_once
  File "/workspaces/MONITOR/core/engine/orchestrator/orchestration_functions.py", line 21, in <module>
    from .tool_builder import build_live_tools
  File "/workspaces/MONITOR/core/engine/orchestrator/tool_builder.py", line 9, in <module>
    from core.config import ToolContextBuilder
  File "/workspaces/MONITOR/core/config/__init__.py", line 8, in <module>
    from .tool_context_builder import ToolContextBuilder
  File "/workspaces/MONITOR/core/config/tool_context_builder.py", line 24, in <module>
    from core.persistence.queries import QueryService
  File "/workspaces/MONITOR/core/persistence/queries/__init__.py", line 4, in <module>
    from .service import QueryService
  File "/workspaces/MONITOR/core/persistence/queries/service.py", line 12, in <module>
    class QueryService(
TypeError: Cannot create a consistent method resolution
order (MRO) for bases BaseQueries, EntitiesQueries, ScenesQueries, FactsQueries, RelationsQueries, AxiomsQueries, SystemsQueries
Process SpawnProcess-15:
Traceback (most recent call last):
  File "/home/codespace/.python/current/lib/python3.12/multiprocessing/process.py", line 314, in _bootstrap
    self.run()
  File "/home/codespace/.python/current/lib/python3.12/multiprocessing/process.py", line 108, in run
    self._target(*self._args, **self._kwargs)
  File "/workspaces/MONITOR/.venv/lib/python3.12/site-packages/uvicorn/_subprocess.py", line 80, in subprocess_started
    target(sockets=sockets)
  File "/workspaces/MONITOR/.venv/lib/python3.12/site-packages/uvicorn/server.py", line 67, in run
    return asyncio.run(self.serve(sockets=sockets))
           ^^^^^^^^^^^^^^^^^^^^^^^^^^^^^^^^^^^^^^^^
  File "/home/codespace/.python/current/lib/python3.12/asyncio/runners.py", line 194, in run
    return runner.run(main)
           ^^^^^^^^^^^^^^^^
  File "/home/codespace/.python/current/lib/python3.12/asyncio/runners.py", line 118, in run
    return self._loop.run_until_complete(task)
           ^^^^^^^^^^^^^^^^^^^^^^^^^^^^^^^^^^^
  File "uvloop/loop.pyx", line 1518, in uvloop.loop.Loop.run_until_complete
  File "/workspaces/MONITOR/.venv/lib/python3.12/site-packages/uvicorn/server.py", line 71, in serve
    await self._serve(sockets)
  File "/workspaces/MONITOR/.venv/lib/python3.12/site-packages/uvicorn/server.py", line 78, in _serve
    config.load()
  File "/workspaces/MONITOR/.venv/lib/python3.12/site-packages/uvicorn/config.py", line 436, in load
    self.loaded_app = import_from_string(self.app)
                      ^^^^^^^^^^^^^^^^^^^^^^^^^^^^
  File "/workspaces/MONITOR/.venv/lib/python3.12/site-packages/uvicorn/importer.py", line 19, in import_from_string
    module = importlib.import_module(module_str)
             ^^^^^^^^^^^^^^^^^^^^^^^^^^^^^^^^^^^
  File "/home/codespace/.python/current/lib/python3.12/importlib/__init__.py", line 90, in import_module
    return _bootstrap._gcd_import(name[level:], package, level)
           ^^^^^^^^^^^^^^^^^^^^^^^^^^^^^^^^^^^^^^^^^^^^^^^^^^^^
  File "<frozen importlib._bootstrap>", line 1387, in _gcd_import
  File "<frozen importlib._bootstrap>", line 1360, in _find_and_load
  File "<frozen importlib._bootstrap>", line 1331, in _find_and_load_unlocked
  File "<frozen importlib._bootstrap>", line 935, in _load_unlocked
  File "<frozen importlib._bootstrap_external>", line 994, in exec_module
  File "<frozen importlib._bootstrap>", line 488, in _call_with_frames_removed
  File "/workspaces/MONITOR/core/interfaces/api_interface.py", line 13, in <module>
    from core.engine.orchestrator import (
  File "/workspaces/MONITOR/core/engine/orchestrator/__init__.py", line 11, in <module>
    from .orchestration_functions import monitor_reply, run_once
  File "/workspaces/MONITOR/core/engine/orchestrator/orchestration_functions.py", line 21, in <module>
    from .tool_builder import build_live_tools
  File "/workspaces/MONITOR/core/engine/orchestrator/tool_builder.py", line 9, in <module>
    from core.config import ToolContextBuilder
  File "/workspaces/MONITOR/core/config/__init__.py", line 8, in <module>
    from .tool_context_builder import ToolContextBuilder
  File "/workspaces/MONITOR/core/config/tool_context_builder.py", line 24, in <module>
    from core.persistence.queries import QueryService
  File "/workspaces/MONITOR/core/persistence/queries/__init__.py", line 4, in <module>
    from .service import QueryService
  File "/workspaces/MONITOR/core/persistence/queries/service.py", line 12, in <module>
    class QueryService(
TypeError: Cannot create a consistent method resolution
order (MRO) for bases BaseQueries, EntitiesQueries, ScenesQueries, FactsQueries, RelationsQueries, AxiomsQueries, SystemsQueries
WARNING:  WatchFiles detected changes in 'core/persistence/queries/systems.py'. Reloading...
Process SpawnProcess-16:
Traceback (most recent call last):
  File "/home/codespace/.python/current/lib/python3.12/multiprocessing/process.py", line 314, in _bootstrap
    self.run()
  File "/home/codespace/.python/current/lib/python3.12/multiprocessing/process.py", line 108, in run
    self._target(*self._args, **self._kwargs)
  File "/workspaces/MONITOR/.venv/lib/python3.12/site-packages/uvicorn/_subprocess.py", line 80, in subprocess_started
    target(sockets=sockets)
  File "/workspaces/MONITOR/.venv/lib/python3.12/site-packages/uvicorn/server.py", line 67, in run
    return asyncio.run(self.serve(sockets=sockets))
           ^^^^^^^^^^^^^^^^^^^^^^^^^^^^^^^^^^^^^^^^
  File "/home/codespace/.python/current/lib/python3.12/asyncio/runners.py", line 194, in run
    return runner.run(main)
           ^^^^^^^^^^^^^^^^
  File "/home/codespace/.python/current/lib/python3.12/asyncio/runners.py", line 118, in run
    return self._loop.run_until_complete(task)
           ^^^^^^^^^^^^^^^^^^^^^^^^^^^^^^^^^^^
  File "uvloop/loop.pyx", line 1518, in uvloop.loop.Loop.run_until_complete
  File "/workspaces/MONITOR/.venv/lib/python3.12/site-packages/uvicorn/server.py", line 71, in serve
    await self._serve(sockets)
  File "/workspaces/MONITOR/.venv/lib/python3.12/site-packages/uvicorn/server.py", line 78, in _serve
    config.load()
  File "/workspaces/MONITOR/.venv/lib/python3.12/site-packages/uvicorn/config.py", line 436, in load
    self.loaded_app = import_from_string(self.app)
                      ^^^^^^^^^^^^^^^^^^^^^^^^^^^^
  File "/workspaces/MONITOR/.venv/lib/python3.12/site-packages/uvicorn/importer.py", line 19, in import_from_string
    module = importlib.import_module(module_str)
             ^^^^^^^^^^^^^^^^^^^^^^^^^^^^^^^^^^^
  File "/home/codespace/.python/current/lib/python3.12/importlib/__init__.py", line 90, in import_module
    return _bootstrap._gcd_import(name[level:], package, level)
           ^^^^^^^^^^^^^^^^^^^^^^^^^^^^^^^^^^^^^^^^^^^^^^^^^^^^
  File "<frozen importlib._bootstrap>", line 1387, in _gcd_import
  File "<frozen importlib._bootstrap>", line 1360, in _find_and_load
  File "<frozen importlib._bootstrap>", line 1331, in _find_and_load_unlocked
  File "<frozen importlib._bootstrap>", line 935, in _load_unlocked
  File "<frozen importlib._bootstrap_external>", line 994, in exec_module
  File "<frozen importlib._bootstrap>", line 488, in _call_with_frames_removed
  File "/workspaces/MONITOR/core/interfaces/api_interface.py", line 13, in <module>
    from core.engine.orchestrator import (
  File "/workspaces/MONITOR/core/engine/orchestrator/__init__.py", line 11, in <module>
    from .orchestration_functions import monitor_reply, run_once
  File "/workspaces/MONITOR/core/engine/orchestrator/orchestration_functions.py", line 21, in <module>
    from .tool_builder import build_live_tools
  File "/workspaces/MONITOR/core/engine/orchestrator/tool_builder.py", line 9, in <module>
    from core.config import ToolContextBuilder
  File "/workspaces/MONITOR/core/config/__init__.py", line 8, in <module>
    from .tool_context_builder import ToolContextBuilder
  File "/workspaces/MONITOR/core/config/tool_context_builder.py", line 24, in <module>
    from core.persistence.queries import QueryService
  File "/workspaces/MONITOR/core/persistence/queries/__init__.py", line 4, in <module>
    from .service import QueryService
  File "/workspaces/MONITOR/core/persistence/queries/service.py", line 12, in <module>
    class QueryService(
TypeError: Cannot create a consistent method resolution
order (MRO) for bases BaseQueries, EntitiesQueries, ScenesQueries, FactsQueries, RelationsQueries, AxiomsQueries, SystemsQueries
WARNING:  WatchFiles detected changes in 'core/persistence/queries/systems.py'. Reloading...
Process SpawnProcess-17:
Traceback (most recent call last):
  File "/home/codespace/.python/current/lib/python3.12/multiprocessing/process.py", line 314, in _bootstrap
    self.run()
  File "/home/codespace/.python/current/lib/python3.12/multiprocessing/process.py", line 108, in run
    self._target(*self._args, **self._kwargs)
  File "/workspaces/MONITOR/.venv/lib/python3.12/site-packages/uvicorn/_subprocess.py", line 80, in subprocess_started
    target(sockets=sockets)
  File "/workspaces/MONITOR/.venv/lib/python3.12/site-packages/uvicorn/server.py", line 67, in run
    return asyncio.run(self.serve(sockets=sockets))
           ^^^^^^^^^^^^^^^^^^^^^^^^^^^^^^^^^^^^^^^^
  File "/home/codespace/.python/current/lib/python3.12/asyncio/runners.py", line 194, in run
    return runner.run(main)
           ^^^^^^^^^^^^^^^^
  File "/home/codespace/.python/current/lib/python3.12/asyncio/runners.py", line 118, in run
    return self._loop.run_until_complete(task)
           ^^^^^^^^^^^^^^^^^^^^^^^^^^^^^^^^^^^
  File "uvloop/loop.pyx", line 1518, in uvloop.loop.Loop.run_until_complete
  File "/workspaces/MONITOR/.venv/lib/python3.12/site-packages/uvicorn/server.py", line 71, in serve
    await self._serve(sockets)
  File "/workspaces/MONITOR/.venv/lib/python3.12/site-packages/uvicorn/server.py", line 78, in _serve
    config.load()
  File "/workspaces/MONITOR/.venv/lib/python3.12/site-packages/uvicorn/config.py", line 436, in load
    self.loaded_app = import_from_string(self.app)
                      ^^^^^^^^^^^^^^^^^^^^^^^^^^^^
  File "/workspaces/MONITOR/.venv/lib/python3.12/site-packages/uvicorn/importer.py", line 19, in import_from_string
    module = importlib.import_module(module_str)
             ^^^^^^^^^^^^^^^^^^^^^^^^^^^^^^^^^^^
  File "/home/codespace/.python/current/lib/python3.12/importlib/__init__.py", line 90, in import_module
    return _bootstrap._gcd_import(name[level:], package, level)
           ^^^^^^^^^^^^^^^^^^^^^^^^^^^^^^^^^^^^^^^^^^^^^^^^^^^^
  File "<frozen importlib._bootstrap>", line 1387, in _gcd_import
  File "<frozen importlib._bootstrap>", line 1360, in _find_and_load
  File "<frozen importlib._bootstrap>", line 1331, in _find_and_load_unlocked
  File "<frozen importlib._bootstrap>", line 935, in _load_unlocked
  File "<frozen importlib._bootstrap_external>", line 994, in exec_module
  File "<frozen importlib._bootstrap>", line 488, in _call_with_frames_removed
  File "/workspaces/MONITOR/core/interfaces/api_interface.py", line 13, in <module>
    from core.engine.orchestrator import (
  File "/workspaces/MONITOR/core/engine/orchestrator/__init__.py", line 11, in <module>
    from .orchestration_functions import monitor_reply, run_once
  File "/workspaces/MONITOR/core/engine/orchestrator/orchestration_functions.py", line 21, in <module>
    from .tool_builder import build_live_tools
  File "/workspaces/MONITOR/core/engine/orchestrator/tool_builder.py", line 9, in <module>
    from core.config import ToolContextBuilder
  File "/workspaces/MONITOR/core/config/__init__.py", line 8, in <module>
    from .tool_context_builder import ToolContextBuilder
  File "/workspaces/MONITOR/core/config/tool_context_builder.py", line 24, in <module>
    from core.persistence.queries import QueryService
  File "/workspaces/MONITOR/core/persistence/queries/__init__.py", line 4, in <module>
    from .service import QueryService
  File "/workspaces/MONITOR/core/persistence/queries/service.py", line 12, in <module>
    class QueryService(
TypeError: Cannot create a consistent method resolution
order (MRO) for bases BaseQueries, EntitiesQueries, ScenesQueries, FactsQueries, RelationsQueries, AxiomsQueries, SystemsQueries
WARNING:  WatchFiles detected changes in 'core/persistence/queries/entities.py'. Reloading...
WARNING:  WatchFiles detected changes in 'core/persistence/queries/facts.py'. Reloading...
Process SpawnProcess-18:
Traceback (most recent call last):
  File "/home/codespace/.python/current/lib/python3.12/multiprocessing/process.py", line 314, in _bootstrap
    self.run()
  File "/home/codespace/.python/current/lib/python3.12/multiprocessing/process.py", line 108, in run
    self._target(*self._args, **self._kwargs)
  File "/workspaces/MONITOR/.venv/lib/python3.12/site-packages/uvicorn/_subprocess.py", line 80, in subprocess_started
    target(sockets=sockets)
  File "/workspaces/MONITOR/.venv/lib/python3.12/site-packages/uvicorn/server.py", line 67, in run
    return asyncio.run(self.serve(sockets=sockets))
           ^^^^^^^^^^^^^^^^^^^^^^^^^^^^^^^^^^^^^^^^
  File "/home/codespace/.python/current/lib/python3.12/asyncio/runners.py", line 194, in run
    return runner.run(main)
           ^^^^^^^^^^^^^^^^
  File "/home/codespace/.python/current/lib/python3.12/asyncio/runners.py", line 118, in run
    return self._loop.run_until_complete(task)
           ^^^^^^^^^^^^^^^^^^^^^^^^^^^^^^^^^^^
  File "uvloop/loop.pyx", line 1518, in uvloop.loop.Loop.run_until_complete
  File "/workspaces/MONITOR/.venv/lib/python3.12/site-packages/uvicorn/server.py", line 71, in serve
    await self._serve(sockets)
  File "/workspaces/MONITOR/.venv/lib/python3.12/site-packages/uvicorn/server.py", line 78, in _serve
    config.load()
  File "/workspaces/MONITOR/.venv/lib/python3.12/site-packages/uvicorn/config.py", line 436, in load
    self.loaded_app = import_from_string(self.app)
                      ^^^^^^^^^^^^^^^^^^^^^^^^^^^^
  File "/workspaces/MONITOR/.venv/lib/python3.12/site-packages/uvicorn/importer.py", line 19, in import_from_string
    module = importlib.import_module(module_str)
             ^^^^^^^^^^^^^^^^^^^^^^^^^^^^^^^^^^^
  File "/home/codespace/.python/current/lib/python3.12/importlib/__init__.py", line 90, in import_module
    return _bootstrap._gcd_import(name[level:], package, level)
           ^^^^^^^^^^^^^^^^^^^^^^^^^^^^^^^^^^^^^^^^^^^^^^^^^^^^
  File "<frozen importlib._bootstrap>", line 1387, in _gcd_import
  File "<frozen importlib._bootstrap>", line 1360, in _find_and_load
  File "<frozen importlib._bootstrap>", line 1331, in _find_and_load_unlocked
  File "<frozen importlib._bootstrap>", line 935, in _load_unlocked
  File "<frozen importlib._bootstrap_external>", line 994, in exec_module
  File "<frozen importlib._bootstrap>", line 488, in _call_with_frames_removed
  File "/workspaces/MONITOR/core/interfaces/api_interface.py", line 13, in <module>
    from core.engine.orchestrator import (
  File "/workspaces/MONITOR/core/engine/orchestrator/__init__.py", line 11, in <module>
    from .orchestration_functions import monitor_reply, run_once
  File "/workspaces/MONITOR/core/engine/orchestrator/orchestration_functions.py", line 21, in <module>
    from .tool_builder import build_live_tools
  File "/workspaces/MONITOR/core/engine/orchestrator/tool_builder.py", line 9, in <module>
    from core.config import ToolContextBuilder
  File "/workspaces/MONITOR/core/config/__init__.py", line 8, in <module>
    from .tool_context_builder import ToolContextBuilder
  File "/workspaces/MONITOR/core/config/tool_context_builder.py", line 24, in <module>
    from core.persistence.queries import QueryService
  File "/workspaces/MONITOR/core/persistence/queries/__init__.py", line 4, in <module>
    from .service import QueryService
  File "/workspaces/MONITOR/core/persistence/queries/service.py", line 12, in <module>
    class QueryService(
TypeError: Cannot create a consistent method resolution
order (MRO) for bases BaseQueries, EntitiesQueries, ScenesQueries, FactsQueries, RelationsQueries, AxiomsQueries, SystemsQueries
WARNING:  WatchFiles detected changes in 'core/persistence/queries/relations.py'. Reloading...
INFO:     Started server process [31933]
INFO:     Waiting for application startup.
INFO:     Application startup complete.
WARNING:  WatchFiles detected changes in 'core/persistence/queries/axioms.py', 'core/persistence/queries/scenes.py'. Reloading...
INFO:     Started server process [32009]
INFO:     Waiting for application startup.
INFO:     Application startup complete.
WARNING:  WatchFiles detected changes in 'core/engine/tools/tool_context.py'. Reloading...
INFO:     Shutting down
INFO:     Waiting for application shutdown.
INFO:     Application shutdown complete.
INFO:     Finished server process [32009]
INFO:     Started server process [33016]
INFO:     Waiting for application startup.
INFO:     Application startup complete.
WARNING:  WatchFiles detected changes in 'core/persistence/brancher_lib/clone_subset.py'. Reloading...
INFO:     Shutting down
INFO:     Waiting for application shutdown.
INFO:     Application shutdown complete.
INFO:     Finished server process [33016]
INFO:     Started server process [34071]
INFO:     Waiting for application startup.
INFO:     Application startup complete.
WARNING:  WatchFiles detected changes in 'core/engine/context/cache_context.py', 'core/engine/context/autocommit_context.py', 'core/engine/context/__init__.py', 'core/engine/context/tool_context.py', 'core/engine/context/context_token.py', 'core/engine/context/service_context.py', 'core/engine/context/database_context.py'. Reloading...
INFO:     Shutting down
INFO:     Waiting for application shutdown.
INFO:     Application shutdown complete.
INFO:     Finished server process [34071]
Process SpawnProcess-24:
Traceback (most recent call last):
  File "/home/codespace/.python/current/lib/python3.12/multiprocessing/process.py", line 314, in _bootstrap
    self.run()
  File "/home/codespace/.python/current/lib/python3.12/multiprocessing/process.py", line 108, in run
    self._target(*self._args, **self._kwargs)
  File "/workspaces/MONITOR/.venv/lib/python3.12/site-packages/uvicorn/_subprocess.py", line 80, in subprocess_started
    target(sockets=sockets)
  File "/workspaces/MONITOR/.venv/lib/python3.12/site-packages/uvicorn/server.py", line 67, in run
    return asyncio.run(self.serve(sockets=sockets))
           ^^^^^^^^^^^^^^^^^^^^^^^^^^^^^^^^^^^^^^^^
  File "/home/codespace/.python/current/lib/python3.12/asyncio/runners.py", line 194, in run
    return runner.run(main)
           ^^^^^^^^^^^^^^^^
  File "/home/codespace/.python/current/lib/python3.12/asyncio/runners.py", line 118, in run
    return self._loop.run_until_complete(task)
           ^^^^^^^^^^^^^^^^^^^^^^^^^^^^^^^^^^^
  File "uvloop/loop.pyx", line 1518, in uvloop.loop.Loop.run_until_complete
  File "/workspaces/MONITOR/.venv/lib/python3.12/site-packages/uvicorn/server.py", line 71, in serve
    await self._serve(sockets)
  File "/workspaces/MONITOR/.venv/lib/python3.12/site-packages/uvicorn/server.py", line 78, in _serve
    config.load()
  File "/workspaces/MONITOR/.venv/lib/python3.12/site-packages/uvicorn/config.py", line 436, in load
    self.loaded_app = import_from_string(self.app)
                      ^^^^^^^^^^^^^^^^^^^^^^^^^^^^
  File "/workspaces/MONITOR/.venv/lib/python3.12/site-packages/uvicorn/importer.py", line 19, in import_from_string
    module = importlib.import_module(module_str)
             ^^^^^^^^^^^^^^^^^^^^^^^^^^^^^^^^^^^
  File "/home/codespace/.python/current/lib/python3.12/importlib/__init__.py", line 90, in import_module
    return _bootstrap._gcd_import(name[level:], package, level)
           ^^^^^^^^^^^^^^^^^^^^^^^^^^^^^^^^^^^^^^^^^^^^^^^^^^^^
  File "<frozen importlib._bootstrap>", line 1387, in _gcd_import
  File "<frozen importlib._bootstrap>", line 1360, in _find_and_load
  File "<frozen importlib._bootstrap>", line 1331, in _find_and_load_unlocked
  File "<frozen importlib._bootstrap>", line 935, in _load_unlocked
  File "<frozen importlib._bootstrap_external>", line 994, in exec_module
  File "<frozen importlib._bootstrap>", line 488, in _call_with_frames_removed
  File "/workspaces/MONITOR/core/interfaces/api_interface.py", line 12, in <module>
    from core.engine.context.context_token import ContextToken
  File "/workspaces/MONITOR/core/engine/context.py", line 2, in <module>
    from .context import ContextToken
ImportError: cannot import name 'ContextToken' from partially initialized module 'core.engine.context' (most likely due to a circular import) (/workspaces/MONITOR/core/engine/context.py)
WARNING:  WatchFiles detected changes in 'core/persistence/brancher_lib/clone_subset.py'. Reloading...
Process SpawnProcess-25:
Traceback (most recent call last):
  File "/home/codespace/.python/current/lib/python3.12/multiprocessing/process.py", line 314, in _bootstrap
    self.run()
  File "/home/codespace/.python/current/lib/python3.12/multiprocessing/process.py", line 108, in run
    self._target(*self._args, **self._kwargs)
  File "/workspaces/MONITOR/.venv/lib/python3.12/site-packages/uvicorn/_subprocess.py", line 80, in subprocess_started
    target(sockets=sockets)
  File "/workspaces/MONITOR/.venv/lib/python3.12/site-packages/uvicorn/server.py", line 67, in run
    return asyncio.run(self.serve(sockets=sockets))
           ^^^^^^^^^^^^^^^^^^^^^^^^^^^^^^^^^^^^^^^^
  File "/home/codespace/.python/current/lib/python3.12/asyncio/runners.py", line 194, in run
    return runner.run(main)
           ^^^^^^^^^^^^^^^^
  File "/home/codespace/.python/current/lib/python3.12/asyncio/runners.py", line 118, in run
    return self._loop.run_until_complete(task)
           ^^^^^^^^^^^^^^^^^^^^^^^^^^^^^^^^^^^
  File "uvloop/loop.pyx", line 1518, in uvloop.loop.Loop.run_until_complete
  File "/workspaces/MONITOR/.venv/lib/python3.12/site-packages/uvicorn/server.py", line 71, in serve
    await self._serve(sockets)
  File "/workspaces/MONITOR/.venv/lib/python3.12/site-packages/uvicorn/server.py", line 78, in _serve
    config.load()
  File "/workspaces/MONITOR/.venv/lib/python3.12/site-packages/uvicorn/config.py", line 436, in load
    self.loaded_app = import_from_string(self.app)
                      ^^^^^^^^^^^^^^^^^^^^^^^^^^^^
  File "/workspaces/MONITOR/.venv/lib/python3.12/site-packages/uvicorn/importer.py", line 19, in import_from_string
    module = importlib.import_module(module_str)
             ^^^^^^^^^^^^^^^^^^^^^^^^^^^^^^^^^^^
  File "/home/codespace/.python/current/lib/python3.12/importlib/__init__.py", line 90, in import_module
    return _bootstrap._gcd_import(name[level:], package, level)
           ^^^^^^^^^^^^^^^^^^^^^^^^^^^^^^^^^^^^^^^^^^^^^^^^^^^^
  File "<frozen importlib._bootstrap>", line 1387, in _gcd_import
  File "<frozen importlib._bootstrap>", line 1360, in _find_and_load
  File "<frozen importlib._bootstrap>", line 1331, in _find_and_load_unlocked
  File "<frozen importlib._bootstrap>", line 935, in _load_unlocked
  File "<frozen importlib._bootstrap_external>", line 994, in exec_module
  File "<frozen importlib._bootstrap>", line 488, in _call_with_frames_removed
  File "/workspaces/MONITOR/core/interfaces/api_interface.py", line 12, in <module>
    from core.engine.context.context_token import ContextToken
  File "/workspaces/MONITOR/core/engine/context.py", line 2, in <module>
    from .context import ContextToken
ImportError: cannot import name 'ContextToken' from partially initialized module 'core.engine.context' (most likely due to a circular import) (/workspaces/MONITOR/core/engine/context.py)
WARNING:  WatchFiles detected changes in 'core/persistence/brancher_lib/clone_subset.py'. Reloading...
Process SpawnProcess-26:
Traceback (most recent call last):
  File "/home/codespace/.python/current/lib/python3.12/multiprocessing/process.py", line 314, in _bootstrap
    self.run()
  File "/home/codespace/.python/current/lib/python3.12/multiprocessing/process.py", line 108, in run
    self._target(*self._args, **self._kwargs)
  File "/workspaces/MONITOR/.venv/lib/python3.12/site-packages/uvicorn/_subprocess.py", line 80, in subprocess_started
    target(sockets=sockets)
  File "/workspaces/MONITOR/.venv/lib/python3.12/site-packages/uvicorn/server.py", line 67, in run
    return asyncio.run(self.serve(sockets=sockets))
           ^^^^^^^^^^^^^^^^^^^^^^^^^^^^^^^^^^^^^^^^
  File "/home/codespace/.python/current/lib/python3.12/asyncio/runners.py", line 194, in run
    return runner.run(main)
           ^^^^^^^^^^^^^^^^
  File "/home/codespace/.python/current/lib/python3.12/asyncio/runners.py", line 118, in run
    return self._loop.run_until_complete(task)
           ^^^^^^^^^^^^^^^^^^^^^^^^^^^^^^^^^^^
  File "uvloop/loop.pyx", line 1518, in uvloop.loop.Loop.run_until_complete
  File "/workspaces/MONITOR/.venv/lib/python3.12/site-packages/uvicorn/server.py", line 71, in serve
    await self._serve(sockets)
  File "/workspaces/MONITOR/.venv/lib/python3.12/site-packages/uvicorn/server.py", line 78, in _serve
    config.load()
  File "/workspaces/MONITOR/.venv/lib/python3.12/site-packages/uvicorn/config.py", line 436, in load
    self.loaded_app = import_from_string(self.app)
                      ^^^^^^^^^^^^^^^^^^^^^^^^^^^^
  File "/workspaces/MONITOR/.venv/lib/python3.12/site-packages/uvicorn/importer.py", line 19, in import_from_string
    module = importlib.import_module(module_str)
             ^^^^^^^^^^^^^^^^^^^^^^^^^^^^^^^^^^^
  File "/home/codespace/.python/current/lib/python3.12/importlib/__init__.py", line 90, in import_module
    return _bootstrap._gcd_import(name[level:], package, level)
           ^^^^^^^^^^^^^^^^^^^^^^^^^^^^^^^^^^^^^^^^^^^^^^^^^^^^
  File "<frozen importlib._bootstrap>", line 1387, in _gcd_import
  File "<frozen importlib._bootstrap>", line 1360, in _find_and_load
  File "<frozen importlib._bootstrap>", line 1331, in _find_and_load_unlocked
  File "<frozen importlib._bootstrap>", line 935, in _load_unlocked
  File "<frozen importlib._bootstrap_external>", line 994, in exec_module
  File "<frozen importlib._bootstrap>", line 488, in _call_with_frames_removed
  File "/workspaces/MONITOR/core/interfaces/api_interface.py", line 12, in <module>
    from core.engine.context.context_token import ContextToken
  File "/workspaces/MONITOR/core/engine/context.py", line 2, in <module>
    from .context import ContextToken
ImportError: cannot import name 'ContextToken' from partially initialized module 'core.engine.context' (most likely due to a circular import) (/workspaces/MONITOR/core/engine/context.py)
WARNING:  WatchFiles detected changes in 'core/persistence/brancher_lib/clone_subset.py'. Reloading...
Process SpawnProcess-27:
Traceback (most recent call last):
  File "/home/codespace/.python/current/lib/python3.12/multiprocessing/process.py", line 314, in _bootstrap
    self.run()
  File "/home/codespace/.python/current/lib/python3.12/multiprocessing/process.py", line 108, in run
    self._target(*self._args, **self._kwargs)
  File "/workspaces/MONITOR/.venv/lib/python3.12/site-packages/uvicorn/_subprocess.py", line 80, in subprocess_started
    target(sockets=sockets)
  File "/workspaces/MONITOR/.venv/lib/python3.12/site-packages/uvicorn/server.py", line 67, in run
    return asyncio.run(self.serve(sockets=sockets))
           ^^^^^^^^^^^^^^^^^^^^^^^^^^^^^^^^^^^^^^^^
  File "/home/codespace/.python/current/lib/python3.12/asyncio/runners.py", line 194, in run
    return runner.run(main)
           ^^^^^^^^^^^^^^^^
  File "/home/codespace/.python/current/lib/python3.12/asyncio/runners.py", line 118, in run
    return self._loop.run_until_complete(task)
           ^^^^^^^^^^^^^^^^^^^^^^^^^^^^^^^^^^^
  File "uvloop/loop.pyx", line 1518, in uvloop.loop.Loop.run_until_complete
  File "/workspaces/MONITOR/.venv/lib/python3.12/site-packages/uvicorn/server.py", line 71, in serve
    await self._serve(sockets)
  File "/workspaces/MONITOR/.venv/lib/python3.12/site-packages/uvicorn/server.py", line 78, in _serve
    config.load()
  File "/workspaces/MONITOR/.venv/lib/python3.12/site-packages/uvicorn/config.py", line 436, in load
    self.loaded_app = import_from_string(self.app)
                      ^^^^^^^^^^^^^^^^^^^^^^^^^^^^
  File "/workspaces/MONITOR/.venv/lib/python3.12/site-packages/uvicorn/importer.py", line 19, in import_from_string
    module = importlib.import_module(module_str)
             ^^^^^^^^^^^^^^^^^^^^^^^^^^^^^^^^^^^
  File "/home/codespace/.python/current/lib/python3.12/importlib/__init__.py", line 90, in import_module
    return _bootstrap._gcd_import(name[level:], package, level)
           ^^^^^^^^^^^^^^^^^^^^^^^^^^^^^^^^^^^^^^^^^^^^^^^^^^^^
  File "<frozen importlib._bootstrap>", line 1387, in _gcd_import
  File "<frozen importlib._bootstrap>", line 1360, in _find_and_load
  File "<frozen importlib._bootstrap>", line 1331, in _find_and_load_unlocked
  File "<frozen importlib._bootstrap>", line 935, in _load_unlocked
  File "<frozen importlib._bootstrap_external>", line 994, in exec_module
  File "<frozen importlib._bootstrap>", line 488, in _call_with_frames_removed
  File "/workspaces/MONITOR/core/interfaces/api_interface.py", line 12, in <module>
    from core.engine.context.context_token import ContextToken
  File "/workspaces/MONITOR/core/engine/context.py", line 2, in <module>
    from .context import ContextToken
ImportError: cannot import name 'ContextToken' from partially initialized module 'core.engine.context' (most likely due to a circular import) (/workspaces/MONITOR/core/engine/context.py)
WARNING:  WatchFiles detected changes in 'core/persistence/brancher_lib/clone_subset.py'. Reloading...
Process SpawnProcess-28:
Traceback (most recent call last):
  File "/home/codespace/.python/current/lib/python3.12/multiprocessing/process.py", line 314, in _bootstrap
    self.run()
  File "/home/codespace/.python/current/lib/python3.12/multiprocessing/process.py", line 108, in run
    self._target(*self._args, **self._kwargs)
  File "/workspaces/MONITOR/.venv/lib/python3.12/site-packages/uvicorn/_subprocess.py", line 80, in subprocess_started
    target(sockets=sockets)
  File "/workspaces/MONITOR/.venv/lib/python3.12/site-packages/uvicorn/server.py", line 67, in run
    return asyncio.run(self.serve(sockets=sockets))
           ^^^^^^^^^^^^^^^^^^^^^^^^^^^^^^^^^^^^^^^^
  File "/home/codespace/.python/current/lib/python3.12/asyncio/runners.py", line 194, in run
    return runner.run(main)
           ^^^^^^^^^^^^^^^^
  File "/home/codespace/.python/current/lib/python3.12/asyncio/runners.py", line 118, in run
    return self._loop.run_until_complete(task)
           ^^^^^^^^^^^^^^^^^^^^^^^^^^^^^^^^^^^
  File "uvloop/loop.pyx", line 1518, in uvloop.loop.Loop.run_until_complete
  File "/workspaces/MONITOR/.venv/lib/python3.12/site-packages/uvicorn/server.py", line 71, in serve
    await self._serve(sockets)
  File "/workspaces/MONITOR/.venv/lib/python3.12/site-packages/uvicorn/server.py", line 78, in _serve
    config.load()
  File "/workspaces/MONITOR/.venv/lib/python3.12/site-packages/uvicorn/config.py", line 436, in load
    self.loaded_app = import_from_string(self.app)
                      ^^^^^^^^^^^^^^^^^^^^^^^^^^^^
  File "/workspaces/MONITOR/.venv/lib/python3.12/site-packages/uvicorn/importer.py", line 19, in import_from_string
    module = importlib.import_module(module_str)
             ^^^^^^^^^^^^^^^^^^^^^^^^^^^^^^^^^^^
  File "/home/codespace/.python/current/lib/python3.12/importlib/__init__.py", line 90, in import_module
    return _bootstrap._gcd_import(name[level:], package, level)
           ^^^^^^^^^^^^^^^^^^^^^^^^^^^^^^^^^^^^^^^^^^^^^^^^^^^^
  File "<frozen importlib._bootstrap>", line 1387, in _gcd_import
  File "<frozen importlib._bootstrap>", line 1360, in _find_and_load
  File "<frozen importlib._bootstrap>", line 1331, in _find_and_load_unlocked
  File "<frozen importlib._bootstrap>", line 935, in _load_unlocked
  File "<frozen importlib._bootstrap_external>", line 994, in exec_module
  File "<frozen importlib._bootstrap>", line 488, in _call_with_frames_removed
  File "/workspaces/MONITOR/core/interfaces/api_interface.py", line 12, in <module>
    from core.engine.context.context_token import ContextToken
  File "/workspaces/MONITOR/core/engine/context.py", line 2, in <module>
    from .context import ContextToken
ImportError: cannot import name 'ContextToken' from partially initialized module 'core.engine.context' (most likely due to a circular import) (/workspaces/MONITOR/core/engine/context.py)
WARNING:  WatchFiles detected changes in 'core/persistence/queries/entities.py'. Reloading...
Process SpawnProcess-29:
Traceback (most recent call last):
  File "/home/codespace/.python/current/lib/python3.12/multiprocessing/process.py", line 314, in _bootstrap
    self.run()
  File "/home/codespace/.python/current/lib/python3.12/multiprocessing/process.py", line 108, in run
    self._target(*self._args, **self._kwargs)
  File "/workspaces/MONITOR/.venv/lib/python3.12/site-packages/uvicorn/_subprocess.py", line 80, in subprocess_started
    target(sockets=sockets)
  File "/workspaces/MONITOR/.venv/lib/python3.12/site-packages/uvicorn/server.py", line 67, in run
    return asyncio.run(self.serve(sockets=sockets))
           ^^^^^^^^^^^^^^^^^^^^^^^^^^^^^^^^^^^^^^^^
  File "/home/codespace/.python/current/lib/python3.12/asyncio/runners.py", line 194, in run
    return runner.run(main)
           ^^^^^^^^^^^^^^^^
  File "/home/codespace/.python/current/lib/python3.12/asyncio/runners.py", line 118, in run
    return self._loop.run_until_complete(task)
           ^^^^^^^^^^^^^^^^^^^^^^^^^^^^^^^^^^^
  File "uvloop/loop.pyx", line 1518, in uvloop.loop.Loop.run_until_complete
  File "/workspaces/MONITOR/.venv/lib/python3.12/site-packages/uvicorn/server.py", line 71, in serve
    await self._serve(sockets)
  File "/workspaces/MONITOR/.venv/lib/python3.12/site-packages/uvicorn/server.py", line 78, in _serve
    config.load()
  File "/workspaces/MONITOR/.venv/lib/python3.12/site-packages/uvicorn/config.py", line 436, in load
    self.loaded_app = import_from_string(self.app)
                      ^^^^^^^^^^^^^^^^^^^^^^^^^^^^
  File "/workspaces/MONITOR/.venv/lib/python3.12/site-packages/uvicorn/importer.py", line 19, in import_from_string
    module = importlib.import_module(module_str)
             ^^^^^^^^^^^^^^^^^^^^^^^^^^^^^^^^^^^
  File "/home/codespace/.python/current/lib/python3.12/importlib/__init__.py", line 90, in import_module
    return _bootstrap._gcd_import(name[level:], package, level)
           ^^^^^^^^^^^^^^^^^^^^^^^^^^^^^^^^^^^^^^^^^^^^^^^^^^^^
  File "<frozen importlib._bootstrap>", line 1387, in _gcd_import
  File "<frozen importlib._bootstrap>", line 1360, in _find_and_load
  File "<frozen importlib._bootstrap>", line 1331, in _find_and_load_unlocked
  File "<frozen importlib._bootstrap>", line 935, in _load_unlocked
  File "<frozen importlib._bootstrap_external>", line 994, in exec_module
  File "<frozen importlib._bootstrap>", line 488, in _call_with_frames_removed
  File "/workspaces/MONITOR/core/interfaces/api_interface.py", line 12, in <module>
    from core.engine.context.context_token import ContextToken
  File "/workspaces/MONITOR/core/engine/context.py", line 2, in <module>
    from .context import ContextToken
ImportError: cannot import name 'ContextToken' from partially initialized module 'core.engine.context' (most likely due to a circular import) (/workspaces/MONITOR/core/engine/context.py)
WARNING:  WatchFiles detected changes in 'core/persistence/queries/entities.py'. Reloading...
Process SpawnProcess-30:
Traceback (most recent call last):
  File "/home/codespace/.python/current/lib/python3.12/multiprocessing/process.py", line 314, in _bootstrap
    self.run()
  File "/home/codespace/.python/current/lib/python3.12/multiprocessing/process.py", line 108, in run
    self._target(*self._args, **self._kwargs)
  File "/workspaces/MONITOR/.venv/lib/python3.12/site-packages/uvicorn/_subprocess.py", line 80, in subprocess_started
    target(sockets=sockets)
  File "/workspaces/MONITOR/.venv/lib/python3.12/site-packages/uvicorn/server.py", line 67, in run
    return asyncio.run(self.serve(sockets=sockets))
           ^^^^^^^^^^^^^^^^^^^^^^^^^^^^^^^^^^^^^^^^
  File "/home/codespace/.python/current/lib/python3.12/asyncio/runners.py", line 194, in run
    return runner.run(main)
           ^^^^^^^^^^^^^^^^
  File "/home/codespace/.python/current/lib/python3.12/asyncio/runners.py", line 118, in run
    return self._loop.run_until_complete(task)
           ^^^^^^^^^^^^^^^^^^^^^^^^^^^^^^^^^^^
  File "uvloop/loop.pyx", line 1518, in uvloop.loop.Loop.run_until_complete
  File "/workspaces/MONITOR/.venv/lib/python3.12/site-packages/uvicorn/server.py", line 71, in serve
    await self._serve(sockets)
  File "/workspaces/MONITOR/.venv/lib/python3.12/site-packages/uvicorn/server.py", line 78, in _serve
    config.load()
  File "/workspaces/MONITOR/.venv/lib/python3.12/site-packages/uvicorn/config.py", line 436, in load
    self.loaded_app = import_from_string(self.app)
                      ^^^^^^^^^^^^^^^^^^^^^^^^^^^^
  File "/workspaces/MONITOR/.venv/lib/python3.12/site-packages/uvicorn/importer.py", line 19, in import_from_string
    module = importlib.import_module(module_str)
             ^^^^^^^^^^^^^^^^^^^^^^^^^^^^^^^^^^^
  File "/home/codespace/.python/current/lib/python3.12/importlib/__init__.py", line 90, in import_module
    return _bootstrap._gcd_import(name[level:], package, level)
           ^^^^^^^^^^^^^^^^^^^^^^^^^^^^^^^^^^^^^^^^^^^^^^^^^^^^
  File "<frozen importlib._bootstrap>", line 1387, in _gcd_import
  File "<frozen importlib._bootstrap>", line 1360, in _find_and_load
  File "<frozen importlib._bootstrap>", line 1331, in _find_and_load_unlocked
  File "<frozen importlib._bootstrap>", line 935, in _load_unlocked
  File "<frozen importlib._bootstrap_external>", line 994, in exec_module
  File "<frozen importlib._bootstrap>", line 488, in _call_with_frames_removed
  File "/workspaces/MONITOR/core/interfaces/api_interface.py", line 12, in <module>
    from core.engine.context.context_token import ContextToken
  File "/workspaces/MONITOR/core/engine/context.py", line 2, in <module>
    from .context import ContextToken
ImportError: cannot import name 'ContextToken' from partially initialized module 'core.engine.context' (most likely due to a circular import) (/workspaces/MONITOR/core/engine/context.py)
WARNING:  WatchFiles detected changes in 'core/persistence/queries/facts.py'. Reloading...
Process SpawnProcess-31:
Traceback (most recent call last):
  File "/home/codespace/.python/current/lib/python3.12/multiprocessing/process.py", line 314, in _bootstrap
    self.run()
  File "/home/codespace/.python/current/lib/python3.12/multiprocessing/process.py", line 108, in run
    self._target(*self._args, **self._kwargs)
  File "/workspaces/MONITOR/.venv/lib/python3.12/site-packages/uvicorn/_subprocess.py", line 80, in subprocess_started
    target(sockets=sockets)
  File "/workspaces/MONITOR/.venv/lib/python3.12/site-packages/uvicorn/server.py", line 67, in run
    return asyncio.run(self.serve(sockets=sockets))
           ^^^^^^^^^^^^^^^^^^^^^^^^^^^^^^^^^^^^^^^^
  File "/home/codespace/.python/current/lib/python3.12/asyncio/runners.py", line 194, in run
    return runner.run(main)
           ^^^^^^^^^^^^^^^^
  File "/home/codespace/.python/current/lib/python3.12/asyncio/runners.py", line 118, in run
    return self._loop.run_until_complete(task)
           ^^^^^^^^^^^^^^^^^^^^^^^^^^^^^^^^^^^
  File "uvloop/loop.pyx", line 1518, in uvloop.loop.Loop.run_until_complete
  File "/workspaces/MONITOR/.venv/lib/python3.12/site-packages/uvicorn/server.py", line 71, in serve
    await self._serve(sockets)
  File "/workspaces/MONITOR/.venv/lib/python3.12/site-packages/uvicorn/server.py", line 78, in _serve
    config.load()
  File "/workspaces/MONITOR/.venv/lib/python3.12/site-packages/uvicorn/config.py", line 436, in load
    self.loaded_app = import_from_string(self.app)
                      ^^^^^^^^^^^^^^^^^^^^^^^^^^^^
  File "/workspaces/MONITOR/.venv/lib/python3.12/site-packages/uvicorn/importer.py", line 19, in import_from_string
    module = importlib.import_module(module_str)
             ^^^^^^^^^^^^^^^^^^^^^^^^^^^^^^^^^^^
  File "/home/codespace/.python/current/lib/python3.12/importlib/__init__.py", line 90, in import_module
    return _bootstrap._gcd_import(name[level:], package, level)
           ^^^^^^^^^^^^^^^^^^^^^^^^^^^^^^^^^^^^^^^^^^^^^^^^^^^^
  File "<frozen importlib._bootstrap>", line 1387, in _gcd_import
  File "<frozen importlib._bootstrap>", line 1360, in _find_and_load
  File "<frozen importlib._bootstrap>", line 1331, in _find_and_load_unlocked
  File "<frozen importlib._bootstrap>", line 935, in _load_unlocked
  File "<frozen importlib._bootstrap_external>", line 994, in exec_module
  File "<frozen importlib._bootstrap>", line 488, in _call_with_frames_removed
  File "/workspaces/MONITOR/core/interfaces/api_interface.py", line 12, in <module>
    from core.engine.context.context_token import ContextToken
  File "/workspaces/MONITOR/core/engine/context.py", line 2, in <module>
    from .context import ContextToken
ImportError: cannot import name 'ContextToken' from partially initialized module 'core.engine.context' (most likely due to a circular import) (/workspaces/MONITOR/core/engine/context.py)
WARNING:  WatchFiles detected changes in 'core/persistence/queries/entities.py'. Reloading...
Process SpawnProcess-32:
Traceback (most recent call last):
  File "/home/codespace/.python/current/lib/python3.12/multiprocessing/process.py", line 314, in _bootstrap
    self.run()
  File "/home/codespace/.python/current/lib/python3.12/multiprocessing/process.py", line 108, in run
    self._target(*self._args, **self._kwargs)
  File "/workspaces/MONITOR/.venv/lib/python3.12/site-packages/uvicorn/_subprocess.py", line 80, in subprocess_started
    target(sockets=sockets)
  File "/workspaces/MONITOR/.venv/lib/python3.12/site-packages/uvicorn/server.py", line 67, in run
    return asyncio.run(self.serve(sockets=sockets))
           ^^^^^^^^^^^^^^^^^^^^^^^^^^^^^^^^^^^^^^^^
  File "/home/codespace/.python/current/lib/python3.12/asyncio/runners.py", line 194, in run
    return runner.run(main)
           ^^^^^^^^^^^^^^^^
  File "/home/codespace/.python/current/lib/python3.12/asyncio/runners.py", line 118, in run
    return self._loop.run_until_complete(task)
           ^^^^^^^^^^^^^^^^^^^^^^^^^^^^^^^^^^^
  File "uvloop/loop.pyx", line 1518, in uvloop.loop.Loop.run_until_complete
  File "/workspaces/MONITOR/.venv/lib/python3.12/site-packages/uvicorn/server.py", line 71, in serve
    await self._serve(sockets)
  File "/workspaces/MONITOR/.venv/lib/python3.12/site-packages/uvicorn/server.py", line 78, in _serve
    config.load()
  File "/workspaces/MONITOR/.venv/lib/python3.12/site-packages/uvicorn/config.py", line 436, in load
    self.loaded_app = import_from_string(self.app)
                      ^^^^^^^^^^^^^^^^^^^^^^^^^^^^
  File "/workspaces/MONITOR/.venv/lib/python3.12/site-packages/uvicorn/importer.py", line 19, in import_from_string
    module = importlib.import_module(module_str)
             ^^^^^^^^^^^^^^^^^^^^^^^^^^^^^^^^^^^
  File "/home/codespace/.python/current/lib/python3.12/importlib/__init__.py", line 90, in import_module
    return _bootstrap._gcd_import(name[level:], package, level)
           ^^^^^^^^^^^^^^^^^^^^^^^^^^^^^^^^^^^^^^^^^^^^^^^^^^^^
  File "<frozen importlib._bootstrap>", line 1387, in _gcd_import
  File "<frozen importlib._bootstrap>", line 1360, in _find_and_load
  File "<frozen importlib._bootstrap>", line 1331, in _find_and_load_unlocked
  File "<frozen importlib._bootstrap>", line 935, in _load_unlocked
  File "<frozen importlib._bootstrap_external>", line 994, in exec_module
  File "<frozen importlib._bootstrap>", line 488, in _call_with_frames_removed
  File "/workspaces/MONITOR/core/interfaces/api_interface.py", line 12, in <module>
    from core.engine.context.context_token import ContextToken
  File "/workspaces/MONITOR/core/engine/context.py", line 2, in <module>
    from .context import ContextToken
ImportError: cannot import name 'ContextToken' from partially initialized module 'core.engine.context' (most likely due to a circular import) (/workspaces/MONITOR/core/engine/context.py)
WARNING:  WatchFiles detected changes in 'core/persistence/queries/scenes.py'. Reloading...
Process SpawnProcess-33:
Traceback (most recent call last):
  File "/home/codespace/.python/current/lib/python3.12/multiprocessing/process.py", line 314, in _bootstrap
    self.run()
  File "/home/codespace/.python/current/lib/python3.12/multiprocessing/process.py", line 108, in run
    self._target(*self._args, **self._kwargs)
  File "/workspaces/MONITOR/.venv/lib/python3.12/site-packages/uvicorn/_subprocess.py", line 80, in subprocess_started
    target(sockets=sockets)
  File "/workspaces/MONITOR/.venv/lib/python3.12/site-packages/uvicorn/server.py", line 67, in run
    return asyncio.run(self.serve(sockets=sockets))
           ^^^^^^^^^^^^^^^^^^^^^^^^^^^^^^^^^^^^^^^^
  File "/home/codespace/.python/current/lib/python3.12/asyncio/runners.py", line 194, in run
    return runner.run(main)
           ^^^^^^^^^^^^^^^^
  File "/home/codespace/.python/current/lib/python3.12/asyncio/runners.py", line 118, in run
    return self._loop.run_until_complete(task)
           ^^^^^^^^^^^^^^^^^^^^^^^^^^^^^^^^^^^
  File "uvloop/loop.pyx", line 1518, in uvloop.loop.Loop.run_until_complete
  File "/workspaces/MONITOR/.venv/lib/python3.12/site-packages/uvicorn/server.py", line 71, in serve
    await self._serve(sockets)
  File "/workspaces/MONITOR/.venv/lib/python3.12/site-packages/uvicorn/server.py", line 78, in _serve
    config.load()
  File "/workspaces/MONITOR/.venv/lib/python3.12/site-packages/uvicorn/config.py", line 436, in load
    self.loaded_app = import_from_string(self.app)
                      ^^^^^^^^^^^^^^^^^^^^^^^^^^^^
  File "/workspaces/MONITOR/.venv/lib/python3.12/site-packages/uvicorn/importer.py", line 19, in import_from_string
    module = importlib.import_module(module_str)
             ^^^^^^^^^^^^^^^^^^^^^^^^^^^^^^^^^^^
  File "/home/codespace/.python/current/lib/python3.12/importlib/__init__.py", line 90, in import_module
    return _bootstrap._gcd_import(name[level:], package, level)
           ^^^^^^^^^^^^^^^^^^^^^^^^^^^^^^^^^^^^^^^^^^^^^^^^^^^^
  File "<frozen importlib._bootstrap>", line 1387, in _gcd_import
  File "<frozen importlib._bootstrap>", line 1360, in _find_and_load
  File "<frozen importlib._bootstrap>", line 1331, in _find_and_load_unlocked
  File "<frozen importlib._bootstrap>", line 935, in _load_unlocked
  File "<frozen importlib._bootstrap_external>", line 994, in exec_module
  File "<frozen importlib._bootstrap>", line 488, in _call_with_frames_removed
  File "/workspaces/MONITOR/core/interfaces/api_interface.py", line 12, in <module>
    from core.engine.context.context_token import ContextToken
  File "/workspaces/MONITOR/core/engine/context.py", line 2, in <module>
    from .context import ContextToken
ImportError: cannot import name 'ContextToken' from partially initialized module 'core.engine.context' (most likely due to a circular import) (/workspaces/MONITOR/core/engine/context.py)
WARNING:  WatchFiles detected changes in 'core/persistence/queries/relations.py'. Reloading...
Process SpawnProcess-34:
Traceback (most recent call last):
  File "/home/codespace/.python/current/lib/python3.12/multiprocessing/process.py", line 314, in _bootstrap
    self.run()
  File "/home/codespace/.python/current/lib/python3.12/multiprocessing/process.py", line 108, in run
    self._target(*self._args, **self._kwargs)
  File "/workspaces/MONITOR/.venv/lib/python3.12/site-packages/uvicorn/_subprocess.py", line 80, in subprocess_started
    target(sockets=sockets)
  File "/workspaces/MONITOR/.venv/lib/python3.12/site-packages/uvicorn/server.py", line 67, in run
    return asyncio.run(self.serve(sockets=sockets))
           ^^^^^^^^^^^^^^^^^^^^^^^^^^^^^^^^^^^^^^^^
  File "/home/codespace/.python/current/lib/python3.12/asyncio/runners.py", line 194, in run
    return runner.run(main)
           ^^^^^^^^^^^^^^^^
  File "/home/codespace/.python/current/lib/python3.12/asyncio/runners.py", line 118, in run
    return self._loop.run_until_complete(task)
           ^^^^^^^^^^^^^^^^^^^^^^^^^^^^^^^^^^^
  File "uvloop/loop.pyx", line 1518, in uvloop.loop.Loop.run_until_complete
  File "/workspaces/MONITOR/.venv/lib/python3.12/site-packages/uvicorn/server.py", line 71, in serve
    await self._serve(sockets)
  File "/workspaces/MONITOR/.venv/lib/python3.12/site-packages/uvicorn/server.py", line 78, in _serve
    config.load()
  File "/workspaces/MONITOR/.venv/lib/python3.12/site-packages/uvicorn/config.py", line 436, in load
    self.loaded_app = import_from_string(self.app)
                      ^^^^^^^^^^^^^^^^^^^^^^^^^^^^
  File "/workspaces/MONITOR/.venv/lib/python3.12/site-packages/uvicorn/importer.py", line 19, in import_from_string
    module = importlib.import_module(module_str)
             ^^^^^^^^^^^^^^^^^^^^^^^^^^^^^^^^^^^
  File "/home/codespace/.python/current/lib/python3.12/importlib/__init__.py", line 90, in import_module
    return _bootstrap._gcd_import(name[level:], package, level)
           ^^^^^^^^^^^^^^^^^^^^^^^^^^^^^^^^^^^^^^^^^^^^^^^^^^^^
  File "<frozen importlib._bootstrap>", line 1387, in _gcd_import
  File "<frozen importlib._bootstrap>", line 1360, in _find_and_load
  File "<frozen importlib._bootstrap>", line 1331, in _find_and_load_unlocked
  File "<frozen importlib._bootstrap>", line 935, in _load_unlocked
  File "<frozen importlib._bootstrap_external>", line 994, in exec_module
  File "<frozen importlib._bootstrap>", line 488, in _call_with_frames_removed
  File "/workspaces/MONITOR/core/interfaces/api_interface.py", line 12, in <module>
    from core.engine.context.context_token import ContextToken
  File "/workspaces/MONITOR/core/engine/context.py", line 2, in <module>
    from .context import ContextToken
ImportError: cannot import name 'ContextToken' from partially initialized module 'core.engine.context' (most likely due to a circular import) (/workspaces/MONITOR/core/engine/context.py)
WARNING:  WatchFiles detected changes in 'core/persistence/queries/systems.py'. Reloading...
Process SpawnProcess-35:
Traceback (most recent call last):
  File "/home/codespace/.python/current/lib/python3.12/multiprocessing/process.py", line 314, in _bootstrap
    self.run()
  File "/home/codespace/.python/current/lib/python3.12/multiprocessing/process.py", line 108, in run
    self._target(*self._args, **self._kwargs)
  File "/workspaces/MONITOR/.venv/lib/python3.12/site-packages/uvicorn/_subprocess.py", line 80, in subprocess_started
    target(sockets=sockets)
  File "/workspaces/MONITOR/.venv/lib/python3.12/site-packages/uvicorn/server.py", line 67, in run
    return asyncio.run(self.serve(sockets=sockets))
           ^^^^^^^^^^^^^^^^^^^^^^^^^^^^^^^^^^^^^^^^
  File "/home/codespace/.python/current/lib/python3.12/asyncio/runners.py", line 194, in run
    return runner.run(main)
           ^^^^^^^^^^^^^^^^
  File "/home/codespace/.python/current/lib/python3.12/asyncio/runners.py", line 118, in run
    return self._loop.run_until_complete(task)
           ^^^^^^^^^^^^^^^^^^^^^^^^^^^^^^^^^^^
  File "uvloop/loop.pyx", line 1518, in uvloop.loop.Loop.run_until_complete
  File "/workspaces/MONITOR/.venv/lib/python3.12/site-packages/uvicorn/server.py", line 71, in serve
    await self._serve(sockets)
  File "/workspaces/MONITOR/.venv/lib/python3.12/site-packages/uvicorn/server.py", line 78, in _serve
    config.load()
  File "/workspaces/MONITOR/.venv/lib/python3.12/site-packages/uvicorn/config.py", line 436, in load
    self.loaded_app = import_from_string(self.app)
                      ^^^^^^^^^^^^^^^^^^^^^^^^^^^^
  File "/workspaces/MONITOR/.venv/lib/python3.12/site-packages/uvicorn/importer.py", line 19, in import_from_string
    module = importlib.import_module(module_str)
             ^^^^^^^^^^^^^^^^^^^^^^^^^^^^^^^^^^^
  File "/home/codespace/.python/current/lib/python3.12/importlib/__init__.py", line 90, in import_module
    return _bootstrap._gcd_import(name[level:], package, level)
           ^^^^^^^^^^^^^^^^^^^^^^^^^^^^^^^^^^^^^^^^^^^^^^^^^^^^
  File "<frozen importlib._bootstrap>", line 1387, in _gcd_import
  File "<frozen importlib._bootstrap>", line 1360, in _find_and_load
  File "<frozen importlib._bootstrap>", line 1331, in _find_and_load_unlocked
  File "<frozen importlib._bootstrap>", line 935, in _load_unlocked
  File "<frozen importlib._bootstrap_external>", line 994, in exec_module
  File "<frozen importlib._bootstrap>", line 488, in _call_with_frames_removed
  File "/workspaces/MONITOR/core/interfaces/api_interface.py", line 12, in <module>
    from core.engine.context.context_token import ContextToken
  File "/workspaces/MONITOR/core/engine/context.py", line 2, in <module>
    from .context import ContextToken
ImportError: cannot import name 'ContextToken' from partially initialized module 'core.engine.context' (most likely due to a circular import) (/workspaces/MONITOR/core/engine/context.py)
WARNING:  WatchFiles detected changes in 'core/persistence/queries/axioms.py'. Reloading...
Process SpawnProcess-36:
Traceback (most recent call last):
  File "/home/codespace/.python/current/lib/python3.12/multiprocessing/process.py", line 314, in _bootstrap
    self.run()
  File "/home/codespace/.python/current/lib/python3.12/multiprocessing/process.py", line 108, in run
    self._target(*self._args, **self._kwargs)
  File "/workspaces/MONITOR/.venv/lib/python3.12/site-packages/uvicorn/_subprocess.py", line 80, in subprocess_started
    target(sockets=sockets)
  File "/workspaces/MONITOR/.venv/lib/python3.12/site-packages/uvicorn/server.py", line 67, in run
    return asyncio.run(self.serve(sockets=sockets))
           ^^^^^^^^^^^^^^^^^^^^^^^^^^^^^^^^^^^^^^^^
  File "/home/codespace/.python/current/lib/python3.12/asyncio/runners.py", line 194, in run
    return runner.run(main)
           ^^^^^^^^^^^^^^^^
  File "/home/codespace/.python/current/lib/python3.12/asyncio/runners.py", line 118, in run
    return self._loop.run_until_complete(task)
           ^^^^^^^^^^^^^^^^^^^^^^^^^^^^^^^^^^^
  File "uvloop/loop.pyx", line 1518, in uvloop.loop.Loop.run_until_complete
  File "/workspaces/MONITOR/.venv/lib/python3.12/site-packages/uvicorn/server.py", line 71, in serve
    await self._serve(sockets)
  File "/workspaces/MONITOR/.venv/lib/python3.12/site-packages/uvicorn/server.py", line 78, in _serve
    config.load()
  File "/workspaces/MONITOR/.venv/lib/python3.12/site-packages/uvicorn/config.py", line 436, in load
    self.loaded_app = import_from_string(self.app)
                      ^^^^^^^^^^^^^^^^^^^^^^^^^^^^
  File "/workspaces/MONITOR/.venv/lib/python3.12/site-packages/uvicorn/importer.py", line 19, in import_from_string
    module = importlib.import_module(module_str)
             ^^^^^^^^^^^^^^^^^^^^^^^^^^^^^^^^^^^
  File "/home/codespace/.python/current/lib/python3.12/importlib/__init__.py", line 90, in import_module
    return _bootstrap._gcd_import(name[level:], package, level)
           ^^^^^^^^^^^^^^^^^^^^^^^^^^^^^^^^^^^^^^^^^^^^^^^^^^^^
  File "<frozen importlib._bootstrap>", line 1387, in _gcd_import
  File "<frozen importlib._bootstrap>", line 1360, in _find_and_load
  File "<frozen importlib._bootstrap>", line 1331, in _find_and_load_unlocked
  File "<frozen importlib._bootstrap>", line 935, in _load_unlocked
  File "<frozen importlib._bootstrap_external>", line 994, in exec_module
  File "<frozen importlib._bootstrap>", line 488, in _call_with_frames_removed
  File "/workspaces/MONITOR/core/interfaces/api_interface.py", line 12, in <module>
    from core.engine.context.context_token import ContextToken
  File "/workspaces/MONITOR/core/engine/context.py", line 2, in <module>
    from .context import ContextToken
ImportError: cannot import name 'ContextToken' from partially initialized module 'core.engine.context' (most likely due to a circular import) (/workspaces/MONITOR/core/engine/context.py)
WARNING:  WatchFiles detected changes in 'core/engine/context.py'. Reloading...
Process SpawnProcess-37:
Traceback (most recent call last):
  File "/home/codespace/.python/current/lib/python3.12/multiprocessing/process.py", line 314, in _bootstrap
    self.run()
  File "/home/codespace/.python/current/lib/python3.12/multiprocessing/process.py", line 108, in run
    self._target(*self._args, **self._kwargs)
  File "/workspaces/MONITOR/.venv/lib/python3.12/site-packages/uvicorn/_subprocess.py", line 80, in subprocess_started
    target(sockets=sockets)
  File "/workspaces/MONITOR/.venv/lib/python3.12/site-packages/uvicorn/server.py", line 67, in run
    return asyncio.run(self.serve(sockets=sockets))
           ^^^^^^^^^^^^^^^^^^^^^^^^^^^^^^^^^^^^^^^^
  File "/home/codespace/.python/current/lib/python3.12/asyncio/runners.py", line 194, in run
    return runner.run(main)
           ^^^^^^^^^^^^^^^^
  File "/home/codespace/.python/current/lib/python3.12/asyncio/runners.py", line 118, in run
    return self._loop.run_until_complete(task)
           ^^^^^^^^^^^^^^^^^^^^^^^^^^^^^^^^^^^
  File "uvloop/loop.pyx", line 1518, in uvloop.loop.Loop.run_until_complete
  File "/workspaces/MONITOR/.venv/lib/python3.12/site-packages/uvicorn/server.py", line 71, in serve
    await self._serve(sockets)
  File "/workspaces/MONITOR/.venv/lib/python3.12/site-packages/uvicorn/server.py", line 78, in _serve
    config.load()
  File "/workspaces/MONITOR/.venv/lib/python3.12/site-packages/uvicorn/config.py", line 436, in load
    self.loaded_app = import_from_string(self.app)
                      ^^^^^^^^^^^^^^^^^^^^^^^^^^^^
  File "/workspaces/MONITOR/.venv/lib/python3.12/site-packages/uvicorn/importer.py", line 22, in import_from_string
    raise exc from None
  File "/workspaces/MONITOR/.venv/lib/python3.12/site-packages/uvicorn/importer.py", line 19, in import_from_string
    module = importlib.import_module(module_str)
             ^^^^^^^^^^^^^^^^^^^^^^^^^^^^^^^^^^^
  File "/home/codespace/.python/current/lib/python3.12/importlib/__init__.py", line 90, in import_module
    return _bootstrap._gcd_import(name[level:], package, level)
           ^^^^^^^^^^^^^^^^^^^^^^^^^^^^^^^^^^^^^^^^^^^^^^^^^^^^
  File "<frozen importlib._bootstrap>", line 1387, in _gcd_import
  File "<frozen importlib._bootstrap>", line 1360, in _find_and_load
  File "<frozen importlib._bootstrap>", line 1331, in _find_and_load_unlocked
  File "<frozen importlib._bootstrap>", line 935, in _load_unlocked
  File "<frozen importlib._bootstrap_external>", line 994, in exec_module
  File "<frozen importlib._bootstrap>", line 488, in _call_with_frames_removed
  File "/workspaces/MONITOR/core/interfaces/api_interface.py", line 12, in <module>
    from core.engine.context.context_token import ContextToken
ModuleNotFoundError: No module named 'core.engine.context.context_token'; 'core.engine.context' is not a package
WARNING:  WatchFiles detected changes in 'core/interfaces/api_interface.py'. Reloading...
Process SpawnProcess-38:
Traceback (most recent call last):
  File "/home/codespace/.python/current/lib/python3.12/multiprocessing/process.py", line 314, in _bootstrap
    self.run()
  File "/home/codespace/.python/current/lib/python3.12/multiprocessing/process.py", line 108, in run
    self._target(*self._args, **self._kwargs)
  File "/workspaces/MONITOR/.venv/lib/python3.12/site-packages/uvicorn/_subprocess.py", line 80, in subprocess_started
    target(sockets=sockets)
  File "/workspaces/MONITOR/.venv/lib/python3.12/site-packages/uvicorn/server.py", line 67, in run
    return asyncio.run(self.serve(sockets=sockets))
           ^^^^^^^^^^^^^^^^^^^^^^^^^^^^^^^^^^^^^^^^
  File "/home/codespace/.python/current/lib/python3.12/asyncio/runners.py", line 194, in run
    return runner.run(main)
           ^^^^^^^^^^^^^^^^
  File "/home/codespace/.python/current/lib/python3.12/asyncio/runners.py", line 118, in run
    return self._loop.run_until_complete(task)
           ^^^^^^^^^^^^^^^^^^^^^^^^^^^^^^^^^^^
  File "uvloop/loop.pyx", line 1518, in uvloop.loop.Loop.run_until_complete
  File "/workspaces/MONITOR/.venv/lib/python3.12/site-packages/uvicorn/server.py", line 71, in serve
    await self._serve(sockets)
  File "/workspaces/MONITOR/.venv/lib/python3.12/site-packages/uvicorn/server.py", line 78, in _serve
    config.load()
  File "/workspaces/MONITOR/.venv/lib/python3.12/site-packages/uvicorn/config.py", line 436, in load
    self.loaded_app = import_from_string(self.app)
                      ^^^^^^^^^^^^^^^^^^^^^^^^^^^^
  File "/workspaces/MONITOR/.venv/lib/python3.12/site-packages/uvicorn/importer.py", line 19, in import_from_string
    module = importlib.import_module(module_str)
             ^^^^^^^^^^^^^^^^^^^^^^^^^^^^^^^^^^^
  File "/home/codespace/.python/current/lib/python3.12/importlib/__init__.py", line 90, in import_module
    return _bootstrap._gcd_import(name[level:], package, level)
           ^^^^^^^^^^^^^^^^^^^^^^^^^^^^^^^^^^^^^^^^^^^^^^^^^^^^
  File "<frozen importlib._bootstrap>", line 1387, in _gcd_import
  File "<frozen importlib._bootstrap>", line 1360, in _find_and_load
  File "<frozen importlib._bootstrap>", line 1331, in _find_and_load_unlocked
  File "<frozen importlib._bootstrap>", line 935, in _load_unlocked
  File "<frozen importlib._bootstrap_external>", line 994, in exec_module
  File "<frozen importlib._bootstrap>", line 488, in _call_with_frames_removed
  File "/workspaces/MONITOR/core/interfaces/api_interface.py", line 13, in <module>
    from core.engine.orchestrator import (
  File "/workspaces/MONITOR/core/engine/orchestrator/__init__.py", line 11, in <module>
    from .orchestration_functions import monitor_reply, run_once
  File "/workspaces/MONITOR/core/engine/orchestrator/orchestration_functions.py", line 21, in <module>
    from .tool_builder import build_live_tools
  File "/workspaces/MONITOR/core/engine/orchestrator/tool_builder.py", line 9, in <module>
    from core.config import ToolContextBuilder
  File "/workspaces/MONITOR/core/config/__init__.py", line 8, in <module>
    from .tool_context_builder import ToolContextBuilder
  File "/workspaces/MONITOR/core/config/tool_context_builder.py", line 16, in <module>
    from core.engine.context import (
ImportError: cannot import name 'AutoCommitContext' from 'core.engine.context' (/workspaces/MONITOR/core/engine/context.py)
WARNING:  WatchFiles detected changes in 'core/engine/orchestrator/tool_builder.py'. Reloading...
Process SpawnProcess-39:
Traceback (most recent call last):
  File "/home/codespace/.python/current/lib/python3.12/multiprocessing/process.py", line 314, in _bootstrap
    self.run()
  File "/home/codespace/.python/current/lib/python3.12/multiprocessing/process.py", line 108, in run
    self._target(*self._args, **self._kwargs)
  File "/workspaces/MONITOR/.venv/lib/python3.12/site-packages/uvicorn/_subprocess.py", line 80, in subprocess_started
    target(sockets=sockets)
  File "/workspaces/MONITOR/.venv/lib/python3.12/site-packages/uvicorn/server.py", line 67, in run
    return asyncio.run(self.serve(sockets=sockets))
           ^^^^^^^^^^^^^^^^^^^^^^^^^^^^^^^^^^^^^^^^
  File "/home/codespace/.python/current/lib/python3.12/asyncio/runners.py", line 194, in run
    return runner.run(main)
           ^^^^^^^^^^^^^^^^
  File "/home/codespace/.python/current/lib/python3.12/asyncio/runners.py", line 118, in run
    return self._loop.run_until_complete(task)
           ^^^^^^^^^^^^^^^^^^^^^^^^^^^^^^^^^^^
  File "uvloop/loop.pyx", line 1518, in uvloop.loop.Loop.run_until_complete
  File "/workspaces/MONITOR/.venv/lib/python3.12/site-packages/uvicorn/server.py", line 71, in serve
    await self._serve(sockets)
  File "/workspaces/MONITOR/.venv/lib/python3.12/site-packages/uvicorn/server.py", line 78, in _serve
    config.load()
  File "/workspaces/MONITOR/.venv/lib/python3.12/site-packages/uvicorn/config.py", line 436, in load
    self.loaded_app = import_from_string(self.app)
                      ^^^^^^^^^^^^^^^^^^^^^^^^^^^^
  File "/workspaces/MONITOR/.venv/lib/python3.12/site-packages/uvicorn/importer.py", line 19, in import_from_string
    module = importlib.import_module(module_str)
             ^^^^^^^^^^^^^^^^^^^^^^^^^^^^^^^^^^^
  File "/home/codespace/.python/current/lib/python3.12/importlib/__init__.py", line 90, in import_module
    return _bootstrap._gcd_import(name[level:], package, level)
           ^^^^^^^^^^^^^^^^^^^^^^^^^^^^^^^^^^^^^^^^^^^^^^^^^^^^
  File "<frozen importlib._bootstrap>", line 1387, in _gcd_import
  File "<frozen importlib._bootstrap>", line 1360, in _find_and_load
  File "<frozen importlib._bootstrap>", line 1331, in _find_and_load_unlocked
  File "<frozen importlib._bootstrap>", line 935, in _load_unlocked
  File "<frozen importlib._bootstrap_external>", line 994, in exec_module
  File "<frozen importlib._bootstrap>", line 488, in _call_with_frames_removed
  File "/workspaces/MONITOR/core/interfaces/api_interface.py", line 13, in <module>
    from core.engine.orchestrator import (
  File "/workspaces/MONITOR/core/engine/orchestrator/__init__.py", line 11, in <module>
    from .orchestration_functions import monitor_reply, run_once
  File "/workspaces/MONITOR/core/engine/orchestrator/orchestration_functions.py", line 21, in <module>
    from .tool_builder import build_live_tools
  File "/workspaces/MONITOR/core/engine/orchestrator/tool_builder.py", line 12, in <module>
    from core.persistence.queries import QueryService
  File "/workspaces/MONITOR/core/persistence/queries/__init__.py", line 4, in <module>
    from .service import QueryService
  File "/workspaces/MONITOR/core/persistence/queries/service.py", line 3, in <module>
    from .axioms import AxiomsQueries
ImportError: cannot import name 'AxiomsQueries' from 'core.persistence.queries.axioms' (/workspaces/MONITOR/core/persistence/queries/axioms.py)
WARNING:  WatchFiles detected changes in 'tests/unit/config/test_tool_context_builder.py', 'core/config/tool_context_builder.py'. Reloading...
Process SpawnProcess-40:
Traceback (most recent call last):
  File "/home/codespace/.python/current/lib/python3.12/multiprocessing/process.py", line 314, in _bootstrap
    self.run()
  File "/home/codespace/.python/current/lib/python3.12/multiprocessing/process.py", line 108, in run
    self._target(*self._args, **self._kwargs)
  File "/workspaces/MONITOR/.venv/lib/python3.12/site-packages/uvicorn/_subprocess.py", line 80, in subprocess_started
    target(sockets=sockets)
  File "/workspaces/MONITOR/.venv/lib/python3.12/site-packages/uvicorn/server.py", line 67, in run
    return asyncio.run(self.serve(sockets=sockets))
           ^^^^^^^^^^^^^^^^^^^^^^^^^^^^^^^^^^^^^^^^
  File "/home/codespace/.python/current/lib/python3.12/asyncio/runners.py", line 194, in run
    return runner.run(main)
           ^^^^^^^^^^^^^^^^
  File "/home/codespace/.python/current/lib/python3.12/asyncio/runners.py", line 118, in run
    return self._loop.run_until_complete(task)
           ^^^^^^^^^^^^^^^^^^^^^^^^^^^^^^^^^^^
  File "uvloop/loop.pyx", line 1518, in uvloop.loop.Loop.run_until_complete
  File "/workspaces/MONITOR/.venv/lib/python3.12/site-packages/uvicorn/server.py", line 71, in serve
    await self._serve(sockets)
  File "/workspaces/MONITOR/.venv/lib/python3.12/site-packages/uvicorn/server.py", line 78, in _serve
    config.load()
  File "/workspaces/MONITOR/.venv/lib/python3.12/site-packages/uvicorn/config.py", line 436, in load
    self.loaded_app = import_from_string(self.app)
                      ^^^^^^^^^^^^^^^^^^^^^^^^^^^^
  File "/workspaces/MONITOR/.venv/lib/python3.12/site-packages/uvicorn/importer.py", line 19, in import_from_string
    module = importlib.import_module(module_str)
             ^^^^^^^^^^^^^^^^^^^^^^^^^^^^^^^^^^^
  File "/home/codespace/.python/current/lib/python3.12/importlib/__init__.py", line 90, in import_module
    return _bootstrap._gcd_import(name[level:], package, level)
           ^^^^^^^^^^^^^^^^^^^^^^^^^^^^^^^^^^^^^^^^^^^^^^^^^^^^
  File "<frozen importlib._bootstrap>", line 1387, in _gcd_import
  File "<frozen importlib._bootstrap>", line 1360, in _find_and_load
  File "<frozen importlib._bootstrap>", line 1331, in _find_and_load_unlocked
  File "<frozen importlib._bootstrap>", line 935, in _load_unlocked
  File "<frozen importlib._bootstrap_external>", line 994, in exec_module
  File "<frozen importlib._bootstrap>", line 488, in _call_with_frames_removed
  File "/workspaces/MONITOR/core/interfaces/api_interface.py", line 13, in <module>
    from core.engine.orchestrator import (
  File "/workspaces/MONITOR/core/engine/orchestrator/__init__.py", line 11, in <module>
    from .orchestration_functions import monitor_reply, run_once
  File "/workspaces/MONITOR/core/engine/orchestrator/orchestration_functions.py", line 21, in <module>
    from .tool_builder import build_live_tools
  File "/workspaces/MONITOR/core/engine/orchestrator/tool_builder.py", line 12, in <module>
    from core.persistence.queries import QueryService
  File "/workspaces/MONITOR/core/persistence/queries/__init__.py", line 4, in <module>
    from .service import QueryService
  File "/workspaces/MONITOR/core/persistence/queries/service.py", line 3, in <module>
    from .axioms import AxiomsQueries
ImportError: cannot import name 'AxiomsQueries' from 'core.persistence.queries.axioms' (/workspaces/MONITOR/core/persistence/queries/axioms.py)
WARNING:  WatchFiles detected changes in 'core/config/__init__.py'. Reloading...
Process SpawnProcess-41:
Traceback (most recent call last):
  File "/home/codespace/.python/current/lib/python3.12/multiprocessing/process.py", line 314, in _bootstrap
    self.run()
  File "/home/codespace/.python/current/lib/python3.12/multiprocessing/process.py", line 108, in run
    self._target(*self._args, **self._kwargs)
  File "/workspaces/MONITOR/.venv/lib/python3.12/site-packages/uvicorn/_subprocess.py", line 80, in subprocess_started
    target(sockets=sockets)
  File "/workspaces/MONITOR/.venv/lib/python3.12/site-packages/uvicorn/server.py", line 67, in run
    return asyncio.run(self.serve(sockets=sockets))
           ^^^^^^^^^^^^^^^^^^^^^^^^^^^^^^^^^^^^^^^^
  File "/home/codespace/.python/current/lib/python3.12/asyncio/runners.py", line 194, in run
    return runner.run(main)
           ^^^^^^^^^^^^^^^^
  File "/home/codespace/.python/current/lib/python3.12/asyncio/runners.py", line 118, in run
    return self._loop.run_until_complete(task)
           ^^^^^^^^^^^^^^^^^^^^^^^^^^^^^^^^^^^
  File "uvloop/loop.pyx", line 1518, in uvloop.loop.Loop.run_until_complete
  File "/workspaces/MONITOR/.venv/lib/python3.12/site-packages/uvicorn/server.py", line 71, in serve
    await self._serve(sockets)
  File "/workspaces/MONITOR/.venv/lib/python3.12/site-packages/uvicorn/server.py", line 78, in _serve
    config.load()
  File "/workspaces/MONITOR/.venv/lib/python3.12/site-packages/uvicorn/config.py", line 436, in load
    self.loaded_app = import_from_string(self.app)
                      ^^^^^^^^^^^^^^^^^^^^^^^^^^^^
  File "/workspaces/MONITOR/.venv/lib/python3.12/site-packages/uvicorn/importer.py", line 19, in import_from_string
    module = importlib.import_module(module_str)
             ^^^^^^^^^^^^^^^^^^^^^^^^^^^^^^^^^^^
  File "/home/codespace/.python/current/lib/python3.12/importlib/__init__.py", line 90, in import_module
    return _bootstrap._gcd_import(name[level:], package, level)
           ^^^^^^^^^^^^^^^^^^^^^^^^^^^^^^^^^^^^^^^^^^^^^^^^^^^^
  File "<frozen importlib._bootstrap>", line 1387, in _gcd_import
  File "<frozen importlib._bootstrap>", line 1360, in _find_and_load
  File "<frozen importlib._bootstrap>", line 1331, in _find_and_load_unlocked
  File "<frozen importlib._bootstrap>", line 935, in _load_unlocked
  File "<frozen importlib._bootstrap_external>", line 994, in exec_module
  File "<frozen importlib._bootstrap>", line 488, in _call_with_frames_removed
  File "/workspaces/MONITOR/core/interfaces/api_interface.py", line 13, in <module>
    from core.engine.orchestrator import (
  File "/workspaces/MONITOR/core/engine/orchestrator/__init__.py", line 11, in <module>
    from .orchestration_functions import monitor_reply, run_once
  File "/workspaces/MONITOR/core/engine/orchestrator/orchestration_functions.py", line 21, in <module>
    from .tool_builder import build_live_tools
  File "/workspaces/MONITOR/core/engine/orchestrator/tool_builder.py", line 12, in <module>
    from core.persistence.queries import QueryService
  File "/workspaces/MONITOR/core/persistence/queries/__init__.py", line 4, in <module>
    from .service import QueryService
  File "/workspaces/MONITOR/core/persistence/queries/service.py", line 3, in <module>
    from .axioms import AxiomsQueries
ImportError: cannot import name 'AxiomsQueries' from 'core.persistence.queries.axioms' (/workspaces/MONITOR/core/persistence/queries/axioms.py)
WARNING:  WatchFiles detected changes in 'core/persistence/queries/service.py'. Reloading...
INFO:     Started server process [58540]
INFO:     Waiting for application startup.
INFO:     Application startup complete.
WARNING:  WatchFiles detected changes in 'core/config/__init__.py'. Reloading...
INFO:     Shutting down
INFO:     Waiting for application shutdown.
INFO:     Application shutdown complete.
INFO:     Finished server process [58540]
INFO:     Started server process [59436]
INFO:     Waiting for application startup.
INFO:     Application startup complete.
WARNING:  WatchFiles detected changes in 'tests/fixtures/context_fixtures.py'. Reloading...
INFO:     Shutting down
INFO:     Waiting for application shutdown.
INFO:     Application shutdown complete.
INFO:     Finished server process [59436]
INFO:     Started server process [59914]
INFO:     Waiting for application startup.
INFO:     Application startup complete.
WARNING:  WatchFiles detected changes in 'tests/fixtures/context_fixtures.py'. Reloading...
INFO:     Shutting down
INFO:     Waiting for application shutdown.
INFO:     Application shutdown complete.
INFO:     Finished server process [59914]
INFO:     Started server process [60116]
INFO:     Waiting for application startup.
INFO:     Application startup complete.
